{"level":"error","message":"messages is not defined"}
{"level":"error","message":"Cannot read properties of null (reading 'email')"}
{"level":"error","message":"Cannot read properties of null (reading 'email')"}
{"level":"error","message":"Cannot read properties of null (reading 'email')"}
{"kind":"ObjectId","level":"error","message":"No es posible borrar el producto  Cast to ObjectId failed for value \"[object Object]\" (type string) at path \"_id\" for model \"Cart\"","path":"_id","reason":{},"stack":"CastError: Cast to ObjectId failed for value \"[object Object]\" (type string) at path \"_id\" for model \"Cart\"\n    at model.Query.exec (D:\\Facultad\\carreraDesarrolladorWebFullStack\\4 - BackEnd\\Ejercicios\\25 - Proyecto Final\\node_modules\\mongoose\\lib\\query.js:4927:21)\n    at Query.then (D:\\Facultad\\carreraDesarrolladorWebFullStack\\4 - BackEnd\\Ejercicios\\25 - Proyecto Final\\node_modules\\mongoose\\lib\\query.js:5026:15)\n    at process.processTicksAndRejections (node:internal/process/task_queues:95:5)","stringValue":"\"[object Object]\"","value":"[object Object]","valueType":"string"}
{"level":"error","message":"Cannot read properties of null (reading 'email')"}
{"level":"error","message":"Cannot read properties of null (reading 'email')"}
{"level":"error","message":"Cannot read properties of null (reading 'email')"}
{"level":"error","message":"Cannot read properties of null (reading 'email')"}
{"kind":"ObjectId","level":"error","message":"No es posible obtener el elemento buscado de la base de datos  Cast to ObjectId failed for value \"undefined\" (type string) at path \"_id\" for model \"User\"","path":"_id","reason":{},"stack":"CastError: Cast to ObjectId failed for value \"undefined\" (type string) at path \"_id\" for model \"User\"\n    at model.Query.exec (D:\\Facultad\\carreraDesarrolladorWebFullStack\\4 - BackEnd\\Ejercicios\\25 - Proyecto Final\\node_modules\\mongoose\\lib\\query.js:4927:21)\n    at Query.then (D:\\Facultad\\carreraDesarrolladorWebFullStack\\4 - BackEnd\\Ejercicios\\25 - Proyecto Final\\node_modules\\mongoose\\lib\\query.js:5026:15)\n    at process.processTicksAndRejections (node:internal/process/task_queues:95:5)","stringValue":"\"undefined\"","value":"undefined","valueType":"string"}
{"level":"error","message":"Cannot read properties of undefined (reading 'email')"}
{"kind":"ObjectId","level":"error","message":"No es posible obtener el elemento buscado de la base de datos  Cast to ObjectId failed for value \"undefined\" (type string) at path \"_id\" for model \"User\"","path":"_id","reason":{},"stack":"CastError: Cast to ObjectId failed for value \"undefined\" (type string) at path \"_id\" for model \"User\"\n    at model.Query.exec (D:\\Facultad\\carreraDesarrolladorWebFullStack\\4 - BackEnd\\Ejercicios\\25 - Proyecto Final\\node_modules\\mongoose\\lib\\query.js:4927:21)\n    at Query.then (D:\\Facultad\\carreraDesarrolladorWebFullStack\\4 - BackEnd\\Ejercicios\\25 - Proyecto Final\\node_modules\\mongoose\\lib\\query.js:5026:15)\n    at process.processTicksAndRejections (node:internal/process/task_queues:95:5)","stringValue":"\"undefined\"","value":"undefined","valueType":"string"}
{"level":"error","message":"Cannot read properties of undefined (reading 'email')"}
{"kind":"ObjectId","level":"error","message":"No es posible obtener el elemento buscado de la base de datos  Cast to ObjectId failed for value \"undefined\" (type string) at path \"_id\" for model \"User\"","path":"_id","reason":{},"stack":"CastError: Cast to ObjectId failed for value \"undefined\" (type string) at path \"_id\" for model \"User\"\n    at model.Query.exec (D:\\Facultad\\carreraDesarrolladorWebFullStack\\4 - BackEnd\\Ejercicios\\25 - Proyecto Final\\node_modules\\mongoose\\lib\\query.js:4927:21)\n    at Query.then (D:\\Facultad\\carreraDesarrolladorWebFullStack\\4 - BackEnd\\Ejercicios\\25 - Proyecto Final\\node_modules\\mongoose\\lib\\query.js:5026:15)\n    at process.processTicksAndRejections (node:internal/process/task_queues:95:5)","stringValue":"\"undefined\"","value":"undefined","valueType":"string"}
{"level":"error","message":"Cannot read properties of undefined (reading 'email')"}
{"level":"error","message":"Cannot read properties of null (reading 'email')"}
{"level":"error","message":"Cannot read properties of null (reading 'email')"}
{"kind":"ObjectId","level":"error","message":"No es posible borrar el producto  Cast to ObjectId failed for value \"[object Object]\" (type string) at path \"_id\" for model \"Cart\"","path":"_id","reason":{},"stack":"CastError: Cast to ObjectId failed for value \"[object Object]\" (type string) at path \"_id\" for model \"Cart\"\n    at model.Query.exec (D:\\Facultad\\carreraDesarrolladorWebFullStack\\4 - BackEnd\\Ejercicios\\25 - Proyecto Final\\node_modules\\mongoose\\lib\\query.js:4927:21)\n    at Query.then (D:\\Facultad\\carreraDesarrolladorWebFullStack\\4 - BackEnd\\Ejercicios\\25 - Proyecto Final\\node_modules\\mongoose\\lib\\query.js:5026:15)\n    at process.processTicksAndRejections (node:internal/process/task_queues:95:5)","stringValue":"\"[object Object]\"","value":"[object Object]","valueType":"string"}
{"level":"error","message":"Cannot read properties of null (reading 'email')"}
{"level":"error","message":"Cannot read properties of null (reading 'email')"}
