{"level":"error","message":"messages is not defined"}
{"level":"warn","message":"Acceso a ruta inexistente /alt=%22imagen con el método GET"}
{"level":"warn","message":"Acceso a ruta inexistente /alt=%22imagen con el método GET"}
{"level":"warn","message":"Acceso a ruta inexistente /alt=%22imagen con el método GET"}
{"level":"warn","message":"Acceso a ruta inexistente /productos/images/img/cajaEdificiosLocos.png con el método GET"}
{"level":"warn","message":"Acceso a ruta inexistente /productos/public/img/cajaRobomeke.png con el método GET"}
{"level":"warn","message":"Acceso a ruta inexistente /productos/css/style.css con el método GET"}
{"level":"warn","message":"Acceso a ruta inexistente /productos/js/products.js con el método GET"}
{"level":"warn","message":"Acceso a ruta inexistente /productos/img/miniEquinoccioLudicoLogo.png con el método GET"}
{"level":"warn","message":"Acceso a ruta inexistente /productos/img/cajaEdificiosLocos.png con el método GET"}
{"level":"warn","message":"Acceso a ruta inexistente /productos/img/cajaPanc%C3%BA.png con el método GET"}
{"level":"warn","message":"Acceso a ruta inexistente /productos/img/cajaRobomeke.png con el método GET"}
{"level":"warn","message":"Acceso a ruta inexistente /productos/img/cajaRoliwar.png con el método GET"}
{"level":"warn","message":"Acceso a ruta inexistente /productos/img/faviconEL.ico con el método GET"}
{"level":"warn","message":"Acceso a ruta inexistente /productos/css/style.css con el método GET"}
{"level":"warn","message":"Acceso a ruta inexistente /productos/js/products.js con el método GET"}
{"level":"warn","message":"Acceso a ruta inexistente /productos/img/miniEquinoccioLudicoLogo.png con el método GET"}
{"level":"warn","message":"Acceso a ruta inexistente /productos/img/cajaEdificiosLocos.png con el método GET"}
{"level":"warn","message":"Acceso a ruta inexistente /productos/img/cajaPanc%C3%BA.png con el método GET"}
{"level":"warn","message":"Acceso a ruta inexistente /productos/img/cajaRobomeke.png con el método GET"}
{"level":"warn","message":"Acceso a ruta inexistente /productos/img/cajaRoliwar.png con el método GET"}
{"level":"warn","message":"Acceso a ruta inexistente /productos/img/faviconEL.ico con el método GET"}
{"level":"warn","message":"Acceso a ruta inexistente /productos/img/faviconEL.ico con el método GET"}
{"level":"warn","message":"Acceso a ruta inexistente /productos/public/img/cajaPanc%C3%BA.png con el método GET"}
{"level":"warn","message":"Acceso a ruta inexistente /productos/public/img/cajaPanc%C3%BA.png con el método GET"}
{"level":"warn","message":"Acceso a ruta inexistente /productos/images/img/cajaPanc%C3%BA.png con el método GET"}
{"level":"warn","message":"Acceso a ruta inexistente /productos/public/img/cajaPanc%C3%BA.png con el método GET"}
{"level":"warn","message":"Acceso a ruta inexistente /public/img/cajaPanc%C3%BA.png con el método GET"}
{"level":"warn","message":"Acceso a ruta inexistente /productos/css/style.css con el método GET"}
{"level":"warn","message":"Acceso a ruta inexistente /productos/js/products.js con el método GET"}
{"level":"warn","message":"Acceso a ruta inexistente /productos/img/miniEquinoccioLudicoLogo.png con el método GET"}
{"level":"warn","message":"Acceso a ruta inexistente /productos/img/cajaEdificiosLocos.png con el método GET"}
{"level":"warn","message":"Acceso a ruta inexistente /productos/img/cajaPanc%C3%BA.png con el método GET"}
{"level":"warn","message":"Acceso a ruta inexistente /productos/img/cajaRobomeke.png con el método GET"}
{"level":"warn","message":"Acceso a ruta inexistente /productos/img/cajaRoliwar.png con el método GET"}
{"level":"warn","message":"Acceso a ruta inexistente /productos/img/faviconEL.ico con el método GET"}
{"level":"warn","message":"Acceso a ruta inexistente /productos/img/faviconEL.ico con el método GET"}
{"level":"warn","message":"Acceso a ruta inexistente /productos/css/style.css con el método GET"}
{"level":"warn","message":"Acceso a ruta inexistente /productos/js/products.js con el método GET"}
{"level":"warn","message":"Acceso a ruta inexistente /productos/img/miniEquinoccioLudicoLogo.png con el método GET"}
{"level":"warn","message":"Acceso a ruta inexistente /productos/img/cajaEdificiosLocos.png con el método GET"}
{"level":"warn","message":"Acceso a ruta inexistente /productos/img/cajaPanc%C3%BA.png con el método GET"}
{"level":"warn","message":"Acceso a ruta inexistente /productos/img/cajaRobomeke.png con el método GET"}
{"level":"warn","message":"Acceso a ruta inexistente /productos/img/cajaRoliwar.png con el método GET"}
{"level":"warn","message":"Acceso a ruta inexistente /productos/img/faviconEL.ico con el método GET"}
{"level":"warn","message":"Acceso a ruta inexistente /productos/css/style.css con el método GET"}
{"level":"warn","message":"Acceso a ruta inexistente /productos/js/products.js con el método GET"}
{"level":"warn","message":"Acceso a ruta inexistente /productos/img/miniEquinoccioLudicoLogo.png con el método GET"}
{"level":"warn","message":"Acceso a ruta inexistente /productos/img/cajaEdificiosLocos.png con el método GET"}
{"level":"warn","message":"Acceso a ruta inexistente /productos/img/cajaPanc%C3%BA.png con el método GET"}
{"level":"warn","message":"Acceso a ruta inexistente /productos/img/cajaRobomeke.png con el método GET"}
{"level":"warn","message":"Acceso a ruta inexistente /productos/img/cajaRoliwar.png con el método GET"}
{"level":"warn","message":"Acceso a ruta inexistente /alt=%22imagen con el método GET"}
{"level":"warn","message":"Acceso a ruta inexistente /alt=%22imagen con el método GET"}
{"level":"warn","message":"Acceso a ruta inexistente /alt=%22imagen con el método GET"}
{"level":"warn","message":"Acceso a ruta inexistente /alt=%22imagen con el método GET"}
{"level":"warn","message":"Acceso a ruta inexistente /alt=%22imagen con el método GET"}
{"level":"warn","message":"Acceso a ruta inexistente /alt=%22imagen con el método GET"}
{"level":"warn","message":"Acceso a ruta inexistente /productos/css/style.css con el método GET"}
{"level":"warn","message":"Acceso a ruta inexistente /productos/js/products.js con el método GET"}
{"level":"warn","message":"Acceso a ruta inexistente /productos/img/miniEquinoccioLudicoLogo.png con el método GET"}
{"level":"warn","message":"Acceso a ruta inexistente /productos/img/cajaEdificiosLocos.png con el método GET"}
{"level":"warn","message":"Acceso a ruta inexistente /productos/img/cajaPanc%C3%BA.png con el método GET"}
{"level":"warn","message":"Acceso a ruta inexistente /productos/img/cajaRobomeke.png con el método GET"}
{"level":"warn","message":"Acceso a ruta inexistente /productos/img/cajaRoliwar.png con el método GET"}
{"level":"warn","message":"Acceso a ruta inexistente /productos/img/faviconEL.ico con el método GET"}
{"level":"warn","message":"Acceso a ruta inexistente /productos/css/style.css con el método GET"}
{"level":"warn","message":"Acceso a ruta inexistente /productos/js/products.js con el método GET"}
{"level":"warn","message":"Acceso a ruta inexistente /productos/img/cajaEdificiosLocos.png con el método GET"}
{"level":"warn","message":"Acceso a ruta inexistente /productos/img/cajaPanc%C3%BA.png con el método GET"}
{"level":"warn","message":"Acceso a ruta inexistente /productos/img/cajaRobomeke.png con el método GET"}
{"level":"warn","message":"Acceso a ruta inexistente /productos/img/cajaRoliwar.png con el método GET"}
{"level":"warn","message":"Acceso a ruta inexistente /productos/img/miniEquinoccioLudicoLogo.png con el método GET"}
{"level":"warn","message":"Acceso a ruta inexistente /productos/img/faviconEL.ico con el método GET"}
{"level":"warn","message":"Acceso a ruta inexistente /productos/css/style.css con el método GET"}
{"level":"warn","message":"Acceso a ruta inexistente /productos/js/products.js con el método GET"}
{"level":"warn","message":"Acceso a ruta inexistente /productos/img/cajaEdificiosLocos.png con el método GET"}
{"level":"warn","message":"Acceso a ruta inexistente /productos/img/cajaPanc%C3%BA.png con el método GET"}
{"level":"warn","message":"Acceso a ruta inexistente /productos/img/cajaRobomeke.png con el método GET"}
{"level":"warn","message":"Acceso a ruta inexistente /productos/img/miniEquinoccioLudicoLogo.png con el método GET"}
{"level":"warn","message":"Acceso a ruta inexistente /productos/img/cajaRoliwar.png con el método GET"}
{"level":"warn","message":"Acceso a ruta inexistente /alt=%22imagen con el método GET"}
{"level":"warn","message":"Acceso a ruta inexistente /alt=%22imagen con el método GET"}
{"level":"warn","message":"Acceso a ruta inexistente /alt=%22imagen con el método GET"}
{"level":"warn","message":"Acceso a ruta inexistente /alt=%22imagen con el método GET"}
{"level":"warn","message":"Acceso a ruta inexistente /undefined con el método GET"}
{"level":"warn","message":"Acceso a ruta inexistente /undefined con el método GET"}
{"level":"error","message":"Cannot read properties of null (reading 'email')"}
{"level":"error","message":"Cannot read properties of null (reading 'email')"}
